Removed Pin From Net: NetName=GND Pin=C?-2
Removed Pin From Net: NetName=Vin Pin=HD2-1
Removed Pin From Net: NetName=A1 Pin=RL1-1
Removed Pin From Net: NetName=GND Pin=RL1-2
Removed Pin From Net: NetName=GND Pin=RL1-3
Removed Pin From Net: NetName=5v Pin=U?-1
Removed Pin From Net: NetName=GND Pin=U?-2
Removed Pin From Net: NetName=5v Pin=U?-3
Removed Member From Class: ClassName=power_supply Member=C?
Removed Member From Class: ClassName=door_clock Member=HD2
Removed Member From Class: ClassName=door_clock Member=RL1
Removed Member From Class: ClassName=door_clock Member=U?
Removed Member From Class: ClassName=power_supply Member=U?
Change Component Designator: OldDesignator=J? NewDesignator=P1
Added Component: Designator=C5(tu 0603)
Add component (AddParameter): Name = "Chung_Loai"; Value = "Dán"; VariantName = "[No Variations]"
Add component (AddParameter): Name = "Don_Vi"; Value = "Con"; VariantName = "[No Variations]"
Add component (AddParameter): Name = "Kieu_Chan"; Value = ""; VariantName = "[No Variations]"
Add component (AddParameter): Name = "Ma_Hang"; Value = "MH004574"; VariantName = "[No Variations]"
Add component (AddParameter): Name = "So_Chan"; Value = "2"; VariantName = "[No Variations]"
Add component (AddParameter): Name = "Ten_Linh_Kien"; Value = "T? 0603 105-1uF 20% 16V"; VariantName = "[No Variations]"
Added Component: Designator=C6(tu 0805)
Add component (AddParameter): Name = "Chung_Loai"; Value = "Dán"; VariantName = "[No Variations]"
Add component (AddParameter): Name = "Don_Vi"; Value = "Con"; VariantName = "[No Variations]"
Add component (AddParameter): Name = "Kieu_Chan"; Value = ""; VariantName = "[No Variations]"
Add component (AddParameter): Name = "Ma_Hang"; Value = "MH004551"; VariantName = "[No Variations]"
Add component (AddParameter): Name = "So_Chan"; Value = "2"; VariantName = "[No Variations]"
Add component (AddParameter): Name = "Ten_Linh_Kien"; Value = "T? 0805 104-100nF 10% 50V"; VariantName = "[No Variations]"
Added Component: Designator=C7(tu 0805)
Add component (AddParameter): Name = "Chung_Loai"; Value = "Dán"; VariantName = "[No Variations]"
Add component (AddParameter): Name = "Don_Vi"; Value = "Con"; VariantName = "[No Variations]"
Add component (AddParameter): Name = "Kieu_Chan"; Value = ""; VariantName = "[No Variations]"
Add component (AddParameter): Name = "Ma_Hang"; Value = "MH004551"; VariantName = "[No Variations]"
Add component (AddParameter): Name = "So_Chan"; Value = "2"; VariantName = "[No Variations]"
Add component (AddParameter): Name = "Ten_Linh_Kien"; Value = "T? 0805 104-100nF 10% 50V"; VariantName = "[No Variations]"
Added Component: Designator=C8(tu 0805)
Add component (AddParameter): Name = "Chung_Loai"; Value = "Dán"; VariantName = "[No Variations]"
Add component (AddParameter): Name = "Don_Vi"; Value = "Con"; VariantName = "[No Variations]"
Add component (AddParameter): Name = "Kieu_Chan"; Value = ""; VariantName = "[No Variations]"
Add component (AddParameter): Name = "Ma_Hang"; Value = "MH004551"; VariantName = "[No Variations]"
Add component (AddParameter): Name = "So_Chan"; Value = "2"; VariantName = "[No Variations]"
Add component (AddParameter): Name = "Ten_Linh_Kien"; Value = "T? 0805 104-100nF 10% 50V"; VariantName = "[No Variations]"
Added Component: Designator=C9(tu 0805)
Add component (AddParameter): Name = "Chung_Loai"; Value = "Dán"; VariantName = "[No Variations]"
Add component (AddParameter): Name = "Don_Vi"; Value = "Con"; VariantName = "[No Variations]"
Add component (AddParameter): Name = "Kieu_Chan"; Value = ""; VariantName = "[No Variations]"
Add component (AddParameter): Name = "Ma_Hang"; Value = "MH004551"; VariantName = "[No Variations]"
Add component (AddParameter): Name = "So_Chan"; Value = "2"; VariantName = "[No Variations]"
Add component (AddParameter): Name = "Ten_Linh_Kien"; Value = "T? 0805 104-100nF 10% 50V"; VariantName = "[No Variations]"
Added Component: Designator=C10(tu 0805)
Add component (AddParameter): Name = "Chung_Loai"; Value = "Dán"; VariantName = "[No Variations]"
Add component (AddParameter): Name = "Don_Vi"; Value = "Con"; VariantName = "[No Variations]"
Add component (AddParameter): Name = "Kieu_Chan"; Value = ""; VariantName = "[No Variations]"
Add component (AddParameter): Name = "Ma_Hang"; Value = "MH004551"; VariantName = "[No Variations]"
Add component (AddParameter): Name = "So_Chan"; Value = "2"; VariantName = "[No Variations]"
Add component (AddParameter): Name = "Ten_Linh_Kien"; Value = "T? 0805 104-100nF 10% 50V"; VariantName = "[No Variations]"
Added Component: Designator=C11(tu 0805)
Add component (AddParameter): Name = "Chung_Loai"; Value = "Dán"; VariantName = "[No Variations]"
Add component (AddParameter): Name = "Don_Vi"; Value = "Con"; VariantName = "[No Variations]"
Add component (AddParameter): Name = "Kieu_Chan"; Value = ""; VariantName = "[No Variations]"
Add component (AddParameter): Name = "Ma_Hang"; Value = "MH004558"; VariantName = "[No Variations]"
Add component (AddParameter): Name = "So_Chan"; Value = "2"; VariantName = "[No Variations]"
Add component (AddParameter): Name = "Ten_Linh_Kien"; Value = "T? 0805 20P 10% 50V"; VariantName = "[No Variations]"
Added Component: Designator=C12(tu 0805)
Add component (AddParameter): Name = "Chung_Loai"; Value = "Dán"; VariantName = "[No Variations]"
Add component (AddParameter): Name = "Don_Vi"; Value = "Con"; VariantName = "[No Variations]"
Add component (AddParameter): Name = "Kieu_Chan"; Value = ""; VariantName = "[No Variations]"
Add component (AddParameter): Name = "Ma_Hang"; Value = "MH004558"; VariantName = "[No Variations]"
Add component (AddParameter): Name = "So_Chan"; Value = "2"; VariantName = "[No Variations]"
Add component (AddParameter): Name = "Ten_Linh_Kien"; Value = "T? 0805 20P 10% 50V"; VariantName = "[No Variations]"
Added Component: Designator=C13(tu 0805)
Add component (AddParameter): Name = "Chung_Loai"; Value = "Dán"; VariantName = "[No Variations]"
Add component (AddParameter): Name = "Don_Vi"; Value = "Con"; VariantName = "[No Variations]"
Add component (AddParameter): Name = "Kieu_Chan"; Value = ""; VariantName = "[No Variations]"
Add component (AddParameter): Name = "Ma_Hang"; Value = "MH004558"; VariantName = "[No Variations]"
Add component (AddParameter): Name = "So_Chan"; Value = "2"; VariantName = "[No Variations]"
Add component (AddParameter): Name = "Ten_Linh_Kien"; Value = "T? 0805 20P 10% 50V"; VariantName = "[No Variations]"
Added Component: Designator=C14(tu 0805)
Add component (AddParameter): Name = "Chung_Loai"; Value = "Dán"; VariantName = "[No Variations]"
Add component (AddParameter): Name = "Don_Vi"; Value = "Con"; VariantName = "[No Variations]"
Add component (AddParameter): Name = "Kieu_Chan"; Value = ""; VariantName = "[No Variations]"
Add component (AddParameter): Name = "Ma_Hang"; Value = "MH004558"; VariantName = "[No Variations]"
Add component (AddParameter): Name = "So_Chan"; Value = "2"; VariantName = "[No Variations]"
Add component (AddParameter): Name = "Ten_Linh_Kien"; Value = "T? 0805 20P 10% 50V"; VariantName = "[No Variations]"
Added Component: Designator=JP?(JP 1x4 DC)
Add component (AddParameter): Name = "Chung_Loai"; Value = "C?m"; VariantName = "[No Variations]"
Add component (AddParameter): Name = "Don_Vi"; Value = "Con"; VariantName = "[No Variations]"
Add component (AddParameter): Name = "Ghi_Chu"; Value = ""; VariantName = "[No Variations]"
Add component (AddParameter): Name = "Kieu_Chan"; Value = ""; VariantName = "[No Variations]"
Add component (AddParameter): Name = "Ma_Hang"; Value = "MH000904"; VariantName = "[No Variations]"
Add component (AddParameter): Name = "Ten_Linh_Kien"; Value = "Jump Ðon Ð?c 2.54MM 1x40P Cong Ð?ng"; VariantName = "[No Variations]"
Added Component: Designator=JP?(JP 1x20 CT)
Add component (AddParameter): Name = "Chung_Loai"; Value = "C?m"; VariantName = "[No Variations]"
Add component (AddParameter): Name = "Don_Vi"; Value = "Con"; VariantName = "[No Variations]"
Add component (AddParameter): Name = "Ghi_Chu"; Value = ""; VariantName = "[No Variations]"
Add component (AddParameter): Name = "Kieu_Chan"; Value = ""; VariantName = "[No Variations]"
Add component (AddParameter): Name = "Ma_Hang"; Value = "MH004006"; VariantName = "[No Variations]"
Add component (AddParameter): Name = "Ten_Linh_Kien"; Value = "Jump Ðon Cái 2.54MM 1x20P Th?ng"; VariantName = "[No Variations]"
Added Component: Designator=JP?(JP 1x20 CT)
Add component (AddParameter): Name = "Chung_Loai"; Value = "C?m"; VariantName = "[No Variations]"
Add component (AddParameter): Name = "Don_Vi"; Value = "Con"; VariantName = "[No Variations]"
Add component (AddParameter): Name = "Ghi_Chu"; Value = ""; VariantName = "[No Variations]"
Add component (AddParameter): Name = "Kieu_Chan"; Value = ""; VariantName = "[No Variations]"
Add component (AddParameter): Name = "Ma_Hang"; Value = "MH004006"; VariantName = "[No Variations]"
Add component (AddParameter): Name = "Ten_Linh_Kien"; Value = "Jump Ðon Cái 2.54MM 1x20P Th?ng"; VariantName = "[No Variations]"
Added Component: Designator=L1(LED-0805-Red)
Add component (AddParameter): Name = "Chung_Loai"; Value = "Dán"; VariantName = "[No Variations]"
Add component (AddParameter): Name = "Don_Vi"; Value = "Con"; VariantName = "[No Variations]"
Add component (AddParameter): Name = "Ghi_Chu"; Value = ""; VariantName = "[No Variations]"
Add component (AddParameter): Name = "Kieu_Chan"; Value = ""; VariantName = "[No Variations]"
Add component (AddParameter): Name = "Ma_Hang"; Value = "MH000897"; VariantName = "[No Variations]"
Add component (AddParameter): Name = "Ten_Linh_Kien"; Value = "LED 0805 Màu Ð? (Red)"; VariantName = "[No Variations]"
Added Component: Designator=L2(LED-0805-Yellow)
Add component (AddParameter): Name = "Chung_Loai"; Value = "Dán"; VariantName = "[No Variations]"
Add component (AddParameter): Name = "Don_Vi"; Value = "Con"; VariantName = "[No Variations]"
Add component (AddParameter): Name = "Ghi_Chu"; Value = ""; VariantName = "[No Variations]"
Add component (AddParameter): Name = "Kieu_Chan"; Value = ""; VariantName = "[No Variations]"
Add component (AddParameter): Name = "Ma_Hang"; Value = "MH002329"; VariantName = "[No Variations]"
Add component (AddParameter): Name = "Ten_Linh_Kien"; Value = "LED 0805 Màu Vàng ( Yellow)"; VariantName = "[No Variations]"
Added Component: Designator=R1(tro smd 0603)
Add component (AddParameter): Name = "Chung_Loai"; Value = "Dán"; VariantName = "[No Variations]"
Add component (AddParameter): Name = "Don_Vi"; Value = "Con"; VariantName = "[No Variations]"
Add component (AddParameter): Name = "Kieu_Chan"; Value = ""; VariantName = "[No Variations]"
Add component (AddParameter): Name = "Ma_Hang"; Value = "MH006314"; VariantName = "[No Variations]"
Add component (AddParameter): Name = "So_Chan"; Value = "2"; VariantName = "[No Variations]"
Add component (AddParameter): Name = "Ten_Linh_Kien"; Value = "Tr? 0603 5% 100k"; VariantName = "[No Variations]"
Added Component: Designator=R2(tro smd 0603)
Add component (AddParameter): Name = "Chung_Loai"; Value = "Dán"; VariantName = "[No Variations]"
Add component (AddParameter): Name = "Don_Vi"; Value = "Con"; VariantName = "[No Variations]"
Add component (AddParameter): Name = "Kieu_Chan"; Value = ""; VariantName = "[No Variations]"
Add component (AddParameter): Name = "Ma_Hang"; Value = "MH006314"; VariantName = "[No Variations]"
Add component (AddParameter): Name = "So_Chan"; Value = "2"; VariantName = "[No Variations]"
Add component (AddParameter): Name = "Ten_Linh_Kien"; Value = "Tr? 0603 5% 100k"; VariantName = "[No Variations]"
Added Component: Designator=R3(tro smd 0603)
Add component (AddParameter): Name = "Chung_Loai"; Value = "Dán"; VariantName = "[No Variations]"
Add component (AddParameter): Name = "Don_Vi"; Value = "Con"; VariantName = "[No Variations]"
Add component (AddParameter): Name = "Kieu_Chan"; Value = ""; VariantName = "[No Variations]"
Add component (AddParameter): Name = "Ma_Hang"; Value = "MH006333"; VariantName = "[No Variations]"
Add component (AddParameter): Name = "So_Chan"; Value = "2"; VariantName = "[No Variations]"
Add component (AddParameter): Name = "Ten_Linh_Kien"; Value = "Tr? 0603 1% 10k"; VariantName = "[No Variations]"
Added Component: Designator=R4(tro smd 0603)
Add component (AddParameter): Name = "Chung_Loai"; Value = "Dán"; VariantName = "[No Variations]"
Add component (AddParameter): Name = "Don_Vi"; Value = "Con"; VariantName = "[No Variations]"
Add component (AddParameter): Name = "Kieu_Chan"; Value = ""; VariantName = "[No Variations]"
Add component (AddParameter): Name = "Ma_Hang"; Value = "MH007667"; VariantName = "[No Variations]"
Add component (AddParameter): Name = "So_Chan"; Value = "2"; VariantName = "[No Variations]"
Add component (AddParameter): Name = "Ten_Linh_Kien"; Value = "Tr? 0603 5% 510R"; VariantName = "[No Variations]"
Added Component: Designator=R5(tro smd 0603)
Add component (AddParameter): Name = "Chung_Loai"; Value = "Dán"; VariantName = "[No Variations]"
Add component (AddParameter): Name = "Don_Vi"; Value = "Con"; VariantName = "[No Variations]"
Add component (AddParameter): Name = "Kieu_Chan"; Value = ""; VariantName = "[No Variations]"
Add component (AddParameter): Name = "Ma_Hang"; Value = "MH007667"; VariantName = "[No Variations]"
Add component (AddParameter): Name = "So_Chan"; Value = "2"; VariantName = "[No Variations]"
Add component (AddParameter): Name = "Ten_Linh_Kien"; Value = "Tr? 0603 5% 510R"; VariantName = "[No Variations]"
Added Component: Designator=R6(tro smd 1206)
Add component (AddParameter): Name = "Chung_Loai"; Value = "Dán"; VariantName = "[No Variations]"
Add component (AddParameter): Name = "Don_Vi"; Value = "Con"; VariantName = "[No Variations]"
Add component (AddParameter): Name = "Kieu_Chan"; Value = ""; VariantName = "[No Variations]"
Add component (AddParameter): Name = "Ma_Hang"; Value = "MH005911"; VariantName = "[No Variations]"
Add component (AddParameter): Name = "So_Chan"; Value = "2"; VariantName = "[No Variations]"
Add component (AddParameter): Name = "Ten_Linh_Kien"; Value = "Tr? 1206 5% 20R"; VariantName = "[No Variations]"
Added Component: Designator=R7(tro smd 1206)
Add component (AddParameter): Name = "Chung_Loai"; Value = "Dán"; VariantName = "[No Variations]"
Add component (AddParameter): Name = "Don_Vi"; Value = "Con"; VariantName = "[No Variations]"
Add component (AddParameter): Name = "Kieu_Chan"; Value = ""; VariantName = "[No Variations]"
Add component (AddParameter): Name = "Ma_Hang"; Value = "MH005911"; VariantName = "[No Variations]"
Add component (AddParameter): Name = "So_Chan"; Value = "2"; VariantName = "[No Variations]"
Add component (AddParameter): Name = "Ten_Linh_Kien"; Value = "Tr? 1206 5% 20R"; VariantName = "[No Variations]"
Added Component: Designator=R8(tro smd 0603)
Add component (AddParameter): Name = "Chung_Loai"; Value = "Dán"; VariantName = "[No Variations]"
Add component (AddParameter): Name = "Don_Vi"; Value = "Con"; VariantName = "[No Variations]"
Add component (AddParameter): Name = "Kieu_Chan"; Value = ""; VariantName = "[No Variations]"
Add component (AddParameter): Name = "Ma_Hang"; Value = "MH006327"; VariantName = "[No Variations]"
Add component (AddParameter): Name = "So_Chan"; Value = "2"; VariantName = "[No Variations]"
Add component (AddParameter): Name = "Ten_Linh_Kien"; Value = "Tr? 0603 5% 4.7k"; VariantName = "[No Variations]"
Added Component: Designator=R?(tro smd 0805)
Add component (AddParameter): Name = "Chung_Loai"; Value = "Dán"; VariantName = "[No Variations]"
Add component (AddParameter): Name = "Don_Vi"; Value = "Con"; VariantName = "[No Variations]"
Add component (AddParameter): Name = "Kieu_Chan"; Value = ""; VariantName = "[No Variations]"
Add component (AddParameter): Name = "Ma_Hang"; Value = "MH005469"; VariantName = "[No Variations]"
Add component (AddParameter): Name = "So_Chan"; Value = "2"; VariantName = "[No Variations]"
Add component (AddParameter): Name = "Ten_Linh_Kien"; Value = "Tr? 0805 1% 1M"; VariantName = "[No Variations]"
Added Component: Designator=SW?(SW2)
Add component (AddParameter): Name = "Value"; Value = "SW chip 2 pin"; VariantName = "[No Variations]"
Added Component: Designator=X1(XTAL_THG_HC49/US)
Add component (AddParameter): Name = "Category"; Value = "Crystals, Oscillators, Resonators"; VariantName = "[No Variations]"
Add component (AddParameter): Name = "ComponentLink1Description"; Value = "http://www.txccorp.com/download/products/quartz_crystals/2015TXC_9B_33.pdf"; VariantName = "[No Variations]"
Add component (AddParameter): Name = "ComponentLink1URL"; Value = "http://www.txccorp.com/download/products/quartz_crystals/2015TXC_9B_33.pdf"; VariantName = "[No Variations]"
Add component (AddParameter): Name = "Frequency Stability"; Value = "±30ppm"; VariantName = "[No Variations]"
Add component (AddParameter): Name = "Frequency Tolerance"; Value = "±30ppm"; VariantName = "[No Variations]"
Add component (AddParameter): Name = "Height - Seated (Max)"; Value = "0.145" (3.68mm)"; VariantName = "[No Variations]"
Add component (AddParameter): Name = "Load Capacitance"; Value = "12pF"; VariantName = "[No Variations]"
Add component (AddParameter): Name = "Manufacturer"; Value = "TXC CORPORATION"; VariantName = "[No Variations]"
Add component (AddParameter): Name = "Manufacturer Part Number"; Value = "9B-8.000MAAE-B"; VariantName = "[No Variations]"
Add component (AddParameter): Name = "Mounting Type"; Value = "Through Hole"; VariantName = "[No Variations]"
Add component (AddParameter): Name = "Operating Mode"; Value = "Fundamental"; VariantName = "[No Variations]"
Add component (AddParameter): Name = "Operating Temperature"; Value = "-20°C ~ 70°C"; VariantName = "[No Variations]"
Add component (AddParameter): Name = "Package / Case"; Value = "HC49/US"; VariantName = "[No Variations]"
Add component (AddParameter): Name = "Packaging"; Value = "Bulk"; VariantName = "[No Variations]"
Add component (AddParameter): Name = "Part Status"; Value = "Active"; VariantName = "[No Variations]"
Add component (AddParameter): Name = "Pricing 1"; Value = "1000=0.192 (USD)"; VariantName = "[No Variations]"
Add component (AddParameter): Name = "Ratings"; Value = "-"; VariantName = "[No Variations]"
Add component (AddParameter): Name = "RoHS"; Value = "RoHS Compliant"; VariantName = "[No Variations]"
Add component (AddParameter): Name = "Size / Dimension"; Value = "0.453" L x 0.197" W (11.50mm x 5.00mm)"; VariantName = "[No Variations]"
Add component (AddParameter): Name = "Stock 1"; Value = "0"; VariantName = "[No Variations]"
Add component (AddParameter): Name = "Supplier 1"; Value = "Digi-Key"; VariantName = "[No Variations]"
Add component (AddParameter): Name = "Supplier Part Number 1"; Value = "9B-8.000MAAE-B-ND"; VariantName = "[No Variations]"
Add component (AddParameter): Name = "Type"; Value = "MHz Crystal"; VariantName = "[No Variations]"
Added Component: Designator=X2(XTAL_SMD3215)
Add component (AddParameter): Name = "Category 1"; Value = "Crystals, Oscillators, Resonators"; VariantName = "[No Variations]"
Add component (AddParameter): Name = "ComponentLink1Description"; Value = "https://support.epson.biz/td/api/doc_check.php?dl=brief_FC-135R_en.pdf"; VariantName = "[No Variations]"
Add component (AddParameter): Name = "ComponentLink1URL"; Value = "https://support.epson.biz/td/api/doc_check.php?dl=brief_FC-135R_en.pdf"; VariantName = "[No Variations]"
Add component (AddParameter): Name = "Description 1"; Value = "CRYSTAL 32.7680KHZ 6.0PF SMT"; VariantName = "[No Variations]"
Add component (AddParameter): Name = "ESR (Equivalent Series Resistance)"; Value = "50 kOhm"; VariantName = "[No Variations]"
Add component (AddParameter): Name = "Frequency"; Value = "32.768kHz"; VariantName = "[No Variations]"
Add component (AddParameter): Name = "Frequency Stability"; Value = "-"; VariantName = "[No Variations]"
Add component (AddParameter): Name = "Frequency Tolerance"; Value = "±20ppm"; VariantName = "[No Variations]"
Add component (AddParameter): Name = "Height - Seated (Max)"; Value = "0.035" (0.90mm)"; VariantName = "[No Variations]"
Add component (AddParameter): Name = "Load Capacitance"; Value = "6pF"; VariantName = "[No Variations]"
Add component (AddParameter): Name = "Manufacturer 1"; Value = "EPSON"; VariantName = "[No Variations]"
Add component (AddParameter): Name = "Manufacturer Part Number 1"; Value = "FC-135R 32.7680KA-E3"; VariantName = "[No Variations]"
Add component (AddParameter): Name = "Mounting Type"; Value = "Surface Mount"; VariantName = "[No Variations]"
Add component (AddParameter): Name = "Operating Mode"; Value = "Fundamental"; VariantName = "[No Variations]"
Add component (AddParameter): Name = "Operating Temperature"; Value = "-40°C ~ 85°C"; VariantName = "[No Variations]"
Add component (AddParameter): Name = "Package / Case"; Value = "2-SMD, No Lead"; VariantName = "[No Variations]"
Add component (AddParameter): Name = "Packaging"; Value = "Cut Tape (CT)"; VariantName = "[No Variations]"
Add component (AddParameter): Name = "Part Status"; Value = "Active"; VariantName = "[No Variations]"
Add component (AddParameter): Name = "Pricing 1"; Value = "1=0.8, 10=0.708, 50=0.6622, 100=0.5852 (USD)"; VariantName = "[No Variations]"
Add component (AddParameter): Name = "Ratings"; Value = "-"; VariantName = "[No Variations]"
Add component (AddParameter): Name = "RoHS 1"; Value = "RoHS Compliant"; VariantName = "[No Variations]"
Add component (AddParameter): Name = "Size / Dimension"; Value = "0.126" L x 0.061" W (3.20mm x 1.50mm)"; VariantName = "[No Variations]"
Add component (AddParameter): Name = "Stock 1"; Value = "1967"; VariantName = "[No Variations]"
Add component (AddParameter): Name = "Supplier 1"; Value = "Digi-Key"; VariantName = "[No Variations]"
Add component (AddParameter): Name = "Supplier Part Number 1"; Value = "SER4074CT-ND"; VariantName = "[No Variations]"
Add component (AddParameter): Name = "Type"; Value = "kHz Crystal (Tuning Fork)"; VariantName = "[No Variations]"
Added Pin To Net: NetName=RESET Pin=C5-1
Added Pin To Net: NetName=GND Pin=C5-2
Added Pin To Net: NetName=3.3v Pin=C6-1
Added Pin To Net: NetName=GND Pin=C6-2
Added Pin To Net: NetName=3.3v Pin=C7-1
Added Pin To Net: NetName=GND Pin=C7-2
Added Pin To Net: NetName=3.3v Pin=C8-1
Added Pin To Net: NetName=GND Pin=C8-2
Added Pin To Net: NetName=3.3v Pin=C9-1
Added Pin To Net: NetName=GND Pin=C9-2
Added Pin To Net: NetName=3.3v Pin=C10-1
Added Pin To Net: NetName=GND Pin=C10-2
Added Pin To Net: NetName=OSCIN Pin=C11-1
Added Pin To Net: NetName=OSCOUT Pin=C12-1
Added Pin To Net: NetName=C14 Pin=C13-1
Added Pin To Net: NetName=GND Pin=C13-2
Added Pin To Net: NetName=C15 Pin=C14-1
Added Pin To Net: NetName=GND Pin=C14-2
Added Pin To Net: NetName=B12 Pin=JP?-1
Added Pin To Net: NetName=GND Pin=JP?-1
Added Pin To Net: NetName=VBAT Pin=JP?-1
Added Pin To Net: NetName=B13 Pin=JP?-2
Added Pin To Net: NetName=C13 Pin=JP?-2
Added Pin To Net: NetName=B14 Pin=JP?-3
Added Pin To Net: NetName=C14 Pin=JP?-3
Added Pin To Net: NetName=3.3v Pin=JP?-4
Added Pin To Net: NetName=B15 Pin=JP?-4
Added Pin To Net: NetName=C15 Pin=JP?-4
Added Pin To Net: NetName=A0 Pin=JP?-5
Added Pin To Net: NetName=A8 Pin=JP?-5
Added Pin To Net: NetName=A1 Pin=JP?-6
Added Pin To Net: NetName=A9 Pin=JP?-6
Added Pin To Net: NetName=A2 Pin=JP?-7
Added Pin To Net: NetName=A10 Pin=JP?-7
Added Pin To Net: NetName=A3 Pin=JP?-8
Added Pin To Net: NetName=A11 Pin=JP?-8
Added Pin To Net: NetName=A4 Pin=JP?-9
Added Pin To Net: NetName=A12 Pin=JP?-9
Added Pin To Net: NetName=A5 Pin=JP?-10
Added Pin To Net: NetName=A15 Pin=JP?-10
Added Pin To Net: NetName=A6 Pin=JP?-11
Added Pin To Net: NetName=B3 Pin=JP?-11
Added Pin To Net: NetName=A7 Pin=JP?-12
Added Pin To Net: NetName=B4 Pin=JP?-12
Added Pin To Net: NetName=B0 Pin=JP?-13
Added Pin To Net: NetName=B5 Pin=JP?-13
Added Pin To Net: NetName=B1 Pin=JP?-14
Added Pin To Net: NetName=B6 Pin=JP?-14
Added Pin To Net: NetName=B7 Pin=JP?-15
Added Pin To Net: NetName=B10 Pin=JP?-15
Added Pin To Net: NetName=B8 Pin=JP?-16
Added Pin To Net: NetName=B11 Pin=JP?-16
Added Pin To Net: NetName=B9 Pin=JP?-17
Added Pin To Net: NetName=3.3v Pin=JP?-18
Added Pin To Net: NetName=5v Pin=JP?-18
Added Pin To Net: NetName=GND Pin=JP?-19
Added Pin To Net: NetName=GND Pin=JP?-19
Added Pin To Net: NetName=GND Pin=JP?-20
Added Pin To Net: NetName=3.3v Pin=L1-1
Added Pin To Net: NetName=3.3v Pin=L2-1
Added Pin To Net: NetName=3.3v Pin=P1-1
Added Pin To Net: NetName=GND Pin=P1-3
Added Pin To Net: NetName=3.3v Pin=P1-4
Added Pin To Net: NetName=GND Pin=P1-6
Added Pin To Net: NetName=BOOT0 Pin=R1-1
Added Pin To Net: NetName=BOOT1 Pin=R2-2
Added Pin To Net: NetName=RESET Pin=R3-1
Added Pin To Net: NetName=3.3v Pin=R3-2
Added Pin To Net: NetName=C13 Pin=R4-1
Added Pin To Net: NetName=GND Pin=R5-1
Added Pin To Net: NetName=A11 Pin=R6-1
Added Pin To Net: NetName=A12 Pin=R7-1
Added Pin To Net: NetName=5v Pin=R8-1
Added Pin To Net: NetName=A12 Pin=R8-2
Added Pin To Net: NetName=OSCOUT Pin=R?-1
Added Pin To Net: NetName=OSCIN Pin=R?-2
Added Pin To Net: NetName=GND Pin=SW?-1
Added Pin To Net: NetName=RESET Pin=SW?-2
Added Pin To Net: NetName=3.3v Pin=U1-9
Added Pin To Net: NetName=3.3v Pin=U1-24
Added Pin To Net: NetName=3.3v Pin=U1-36
Added Pin To Net: NetName=3.3v Pin=U1-48
Added Pin To Net: NetName=5v Pin=USB1-1
Added Pin To Net: NetName=5v Pin=USB1-1
Added Pin To Net: NetName=GND Pin=USB1-4
Added Pin To Net: NetName=GND Pin=USB1-4
Added Pin To Net: NetName=GND Pin=USB1-5
Added Pin To Net: NetName=GND Pin=USB1-5
Added Pin To Net: NetName=OSCOUT Pin=X1-1
Added Pin To Net: NetName=OSCIN Pin=X1-2
Added Pin To Net: NetName=C15 Pin=X2-1
Added Pin To Net: NetName=C14 Pin=X2-2
Change Net Name : Old Net Name=3.3v New Net Name=VCC3V3
Added Pin To Net: NetName=NetC11_2 Pin=C11-2
Added Pin To Net: NetName=NetC11_2 Pin=C12-2
Added Net: Name=NetC11_2
Added Pin To Net: NetName=NetL1_2 Pin=L1-2
Added Pin To Net: NetName=NetL1_2 Pin=R4-2
Added Net: Name=NetL1_2
Added Pin To Net: NetName=NetL2_2 Pin=L2-2
Added Pin To Net: NetName=NetL2_2 Pin=R5-2
Added Net: Name=NetL2_2
Added Pin To Net: NetName=NetP1_2 Pin=P1-2
Added Pin To Net: NetName=NetP1_2 Pin=R1-2
Added Net: Name=NetP1_2
Added Pin To Net: NetName=NetP1_5 Pin=P1-5
Added Pin To Net: NetName=NetP1_5 Pin=R2-1
Added Net: Name=NetP1_5
Added Pin To Net: NetName=NetR6_2 Pin=R6-2
Added Pin To Net: NetName=NetR6_2 Pin=USB1-2
Added Pin To Net: NetName=NetR6_2 Pin=USB1-2
Added Net: Name=NetR6_2
Added Pin To Net: NetName=NetR7_2 Pin=R7-2
Added Pin To Net: NetName=NetR7_2 Pin=USB1-3
Added Pin To Net: NetName=NetR7_2 Pin=USB1-3
Added Net: Name=NetR7_2
Added Pin To Net: NetName=NRST Pin=JP?-17
Added Net: Name=NRST
Added Pin To Net: NetName=SWDCLK Pin=JP?-2
Added Net: Name=SWDCLK
Added Pin To Net: NetName=SWDIO Pin=JP?-3
Added Net: Name=SWDIO
Added Member To Class: ClassName=door_clock Member=Component C5 105
Added Member To Class: ClassName=door_clock Member=Component C6 104
Added Member To Class: ClassName=door_clock Member=Component C7 104
Added Member To Class: ClassName=door_clock Member=Component C8 104
Added Member To Class: ClassName=door_clock Member=Component C9 104
Added Member To Class: ClassName=door_clock Member=Component C10 104
Added Member To Class: ClassName=door_clock Member=Component C11 20pF
Added Member To Class: ClassName=door_clock Member=Component C12 20pF
Added Member To Class: ClassName=door_clock Member=Component C13 20pF
Added Member To Class: ClassName=door_clock Member=Component C14 20pF
Added Member To Class: ClassName=door_clock Member=Component JP? JP 1x4 2.54
Added Member To Class: ClassName=door_clock Member=Component JP? JP 1x20 2.54
Added Member To Class: ClassName=door_clock Member=Component JP? JP 1x20 2.54
Added Member To Class: ClassName=door_clock Member=Component L1 LED 0805
Added Member To Class: ClassName=door_clock Member=Component L2 LED 0805
Added Member To Class: ClassName=door_clock Member=Component R1 100k
Added Member To Class: ClassName=door_clock Member=Component R2 100k
Added Member To Class: ClassName=door_clock Member=Component R3 10k
Added Member To Class: ClassName=door_clock Member=Component R4 510R
Added Member To Class: ClassName=door_clock Member=Component R5 510R
Added Member To Class: ClassName=door_clock Member=Component R6 20R
Added Member To Class: ClassName=door_clock Member=Component R7 20R
Added Member To Class: ClassName=door_clock Member=Component R8 4.7k
Added Member To Class: ClassName=door_clock Member=Component R? 1M
Added Member To Class: ClassName=door_clock Member=Component SW? SW
Added Member To Class: ClassName=door_clock Member=Component X1 8mhz
Added Member To Class: ClassName=door_clock Member=Component X2 32.768K
