Removed Pin From Net: NetName=A8 Pin=JP?-1
Removed Pin From Net: NetName=A9 Pin=JP?-2
Removed Pin From Net: NetName=A10 Pin=JP?-3
Removed Pin From Net: NetName=A11 Pin=JP?-4
Removed Pin From Net: NetName=B12 Pin=JP?-5
Removed Pin From Net: NetName=B13 Pin=JP?-6
Removed Pin From Net: NetName=B14 Pin=JP?-7
Removed Pin From Net: NetName=B15 Pin=JP?-8
Removed Pin From Net: NetName=B12 Pin=STM1-1
Removed Pin From Net: NetName=B13 Pin=STM1-2
Removed Pin From Net: NetName=B14 Pin=STM1-3
Removed Pin From Net: NetName=B15 Pin=STM1-4
Removed Pin From Net: NetName=A8 Pin=STM1-5
Removed Pin From Net: NetName=A9 Pin=STM1-6
Removed Pin From Net: NetName=A10 Pin=STM1-7
Removed Pin From Net: NetName=A11 Pin=STM1-8
Removed Pin From Net: NetName=5v Pin=STM1-18
Removed Pin From Net: NetName=C13 Pin=STM1-22
Removed Pin From Net: NetName=C14 Pin=STM1-23
Removed Pin From Net: NetName=A0 Pin=STM1-25
Removed Pin From Net: NetName=A1 Pin=STM1-26
Removed Pin From Net: NetName=A4 Pin=STM1-29
Removed Pin From Net: NetName=A5 Pin=STM1-30
Removed Pin From Net: NetName=A6 Pin=STM1-31
Removed Pin From Net: NetName=A7 Pin=STM1-32
Removed Pin From Net: NetName=3.3v Pin=STM1-38
Removed Pin From Net: NetName=GND Pin=STM1-40
Removed Member From Class: ClassName=door_clock Member=JP?
Removed Member From Class: ClassName=door_clock Member=STM1
Added Component: Designator=C?(tu 0805)
Add component (AddParameter): Name = "Chung_Loai"; Value = "Dán"; VariantName = "[No Variations]"
Add component (AddParameter): Name = "Don_Vi"; Value = "Con"; VariantName = "[No Variations]"
Add component (AddParameter): Name = "Kieu_Chan"; Value = ""; VariantName = "[No Variations]"
Add component (AddParameter): Name = "Ma_Hang"; Value = "MH004553"; VariantName = "[No Variations]"
Add component (AddParameter): Name = "So_Chan"; Value = "2"; VariantName = "[No Variations]"
Add component (AddParameter): Name = "Ten_Linh_Kien"; Value = "T? 0805 106-10uF 10% 16V"; VariantName = "[No Variations]"
Added Component: Designator=C?(tu 0805)
Add component (AddParameter): Name = "Chung_Loai"; Value = "Dán"; VariantName = "[No Variations]"
Add component (AddParameter): Name = "Don_Vi"; Value = "Con"; VariantName = "[No Variations]"
Add component (AddParameter): Name = "Kieu_Chan"; Value = ""; VariantName = "[No Variations]"
Add component (AddParameter): Name = "Ma_Hang"; Value = "MH004552"; VariantName = "[No Variations]"
Add component (AddParameter): Name = "So_Chan"; Value = "2"; VariantName = "[No Variations]"
Add component (AddParameter): Name = "Ten_Linh_Kien"; Value = "T? 0805 105-1uF 10% 50V"; VariantName = "[No Variations]"
Added Component: Designator=C?(tu 0603)
Add component (AddParameter): Name = "Chung_Loai"; Value = "Dán"; VariantName = "[No Variations]"
Add component (AddParameter): Name = "Don_Vi"; Value = "Con"; VariantName = "[No Variations]"
Add component (AddParameter): Name = "Kieu_Chan"; Value = ""; VariantName = "[No Variations]"
Add component (AddParameter): Name = "Ma_Hang"; Value = "MH004568"; VariantName = "[No Variations]"
Add component (AddParameter): Name = "So_Chan"; Value = "2"; VariantName = "[No Variations]"
Add component (AddParameter): Name = "Ten_Linh_Kien"; Value = "T? 0603 104-100nF 10% 50V"; VariantName = "[No Variations]"
Added Component: Designator=C?(tu 0603)
Add component (AddParameter): Name = "Chung_Loai"; Value = "Dán"; VariantName = "[No Variations]"
Add component (AddParameter): Name = "Don_Vi"; Value = "Con"; VariantName = "[No Variations]"
Add component (AddParameter): Name = "Kieu_Chan"; Value = ""; VariantName = "[No Variations]"
Add component (AddParameter): Name = "Ma_Hang"; Value = "MH004568"; VariantName = "[No Variations]"
Add component (AddParameter): Name = "So_Chan"; Value = "2"; VariantName = "[No Variations]"
Add component (AddParameter): Name = "Ten_Linh_Kien"; Value = "T? 0603 104-100nF 10% 50V"; VariantName = "[No Variations]"
Added Component: Designator=C?(tu 0805)
Add component (AddParameter): Name = "Chung_Loai"; Value = "Dán"; VariantName = "[No Variations]"
Add component (AddParameter): Name = "Don_Vi"; Value = "Con"; VariantName = "[No Variations]"
Add component (AddParameter): Name = "Kieu_Chan"; Value = ""; VariantName = "[No Variations]"
Add component (AddParameter): Name = "Ma_Hang"; Value = "MH007857"; VariantName = "[No Variations]"
Add component (AddParameter): Name = "So_Chan"; Value = "2"; VariantName = "[No Variations]"
Add component (AddParameter): Name = "Ten_Linh_Kien"; Value = "T? 0805 22nF 50V 20%"; VariantName = "[No Variations]"
Added Component: Designator=J?(JP3x2)
Add component (AddParameter): Name = "Value"; Value = "Connector 3x2"; VariantName = "[No Variations]"
Added Component: Designator=U1(LQFP-48_19.6_393_58X11_SMD)
Add component (AddParameter): Name = "Alternate Part Number-1"; Value = "NA"; VariantName = "[No Variations]"
Add component (AddParameter): Name = "Case/Package"; Value = "LQFP48"; VariantName = "[No Variations]"
Add component (AddParameter): Name = "Manufacturer"; Value = "STMicroelectronics"; VariantName = "[No Variations]"
Add component (AddParameter): Name = "Manufacturer Part Number"; Value = "STM32F103C8T6"; VariantName = "[No Variations]"
Add component (AddParameter): Name = "Supplier Part Number-1"; Value = "STM32F103C8T6"; VariantName = "[No Variations]"
Add component (AddParameter): Name = "Supplier-1"; Value = "LCSC"; VariantName = "[No Variations]"
Added Component: Designator=U?(SOT23-5)
Add component (AddParameter): Name = "Alternate Part Number-1"; Value = "NA"; VariantName = "[No Variations]"
Add component (AddParameter): Name = "Case/Package"; Value = "SOT-23-5"; VariantName = "[No Variations]"
Add component (AddParameter): Name = "Manufacturer"; Value = "Richtek USA Inc."; VariantName = "[No Variations]"
Add component (AddParameter): Name = "Manufacturer Part Number"; Value = "RT9193-33GB"; VariantName = "[No Variations]"
Add component (AddParameter): Name = "Supplier Part Number-1"; Value = "C15651"; VariantName = "[No Variations]"
Add component (AddParameter): Name = "Supplier-1"; Value = "LCSC"; VariantName = "[No Variations]"
Added Component: Designator=USB1(USB_B_MINI)
Added Pin To Net: NetName=5v Pin=C?-1
Added Pin To Net: NetName=5v Pin=C?-1
Added Pin To Net: NetName=GND Pin=C?-2
Added Pin To Net: NetName=GND Pin=C?-2
Added Pin To Net: NetName=GND Pin=C?-2
Added Pin To Net: NetName=GND Pin=C?-2
Added Pin To Net: NetName=GND Pin=C?-2
Added Pin To Net: NetName=C13 Pin=U1-2
Added Pin To Net: NetName=C14 Pin=U1-3
Added Pin To Net: NetName=GND Pin=U1-8
Added Pin To Net: NetName=A0 Pin=U1-10
Added Pin To Net: NetName=A1 Pin=U1-11
Added Pin To Net: NetName=A4 Pin=U1-14
Added Pin To Net: NetName=A5 Pin=U1-15
Added Pin To Net: NetName=A6 Pin=U1-16
Added Pin To Net: NetName=A7 Pin=U1-17
Added Pin To Net: NetName=GND Pin=U1-23
Added Pin To Net: NetName=B12 Pin=U1-25
Added Pin To Net: NetName=B13 Pin=U1-26
Added Pin To Net: NetName=B14 Pin=U1-27
Added Pin To Net: NetName=B15 Pin=U1-28
Added Pin To Net: NetName=A8 Pin=U1-29
Added Pin To Net: NetName=A9 Pin=U1-30
Added Pin To Net: NetName=A10 Pin=U1-31
Added Pin To Net: NetName=A11 Pin=U1-32
Added Pin To Net: NetName=GND Pin=U1-35
Added Pin To Net: NetName=GND Pin=U1-47
Added Pin To Net: NetName=5v Pin=U?-1
Added Pin To Net: NetName=GND Pin=U?-2
Added Pin To Net: NetName=5v Pin=U?-3
Added Pin To Net: NetName=A2 Pin=U1-12
Added Net: Name=A2
Added Pin To Net: NetName=A3 Pin=U1-13
Added Net: Name=A3
Added Pin To Net: NetName=A12 Pin=U1-33
Added Net: Name=A12
Added Pin To Net: NetName=A14 Pin=U1-37
Added Net: Name=A14
Added Pin To Net: NetName=A15 Pin=U1-38
Added Net: Name=A15
Added Pin To Net: NetName=B0 Pin=U1-18
Added Net: Name=B0
Added Pin To Net: NetName=B1 Pin=U1-19
Added Net: Name=B1
Added Pin To Net: NetName=B3 Pin=U1-39
Added Net: Name=B3
Added Pin To Net: NetName=B4 Pin=U1-40
Added Net: Name=B4
Added Pin To Net: NetName=B5 Pin=U1-41
Added Net: Name=B5
Added Pin To Net: NetName=B6 Pin=U1-42
Added Net: Name=B6
Added Pin To Net: NetName=B7 Pin=U1-43
Added Net: Name=B7
Added Pin To Net: NetName=B8 Pin=U1-45
Added Net: Name=B8
Added Pin To Net: NetName=B9 Pin=U1-46
Added Net: Name=B9
Added Pin To Net: NetName=B10 Pin=U1-21
Added Net: Name=B10
Added Pin To Net: NetName=B11 Pin=U1-22
Added Net: Name=B11
Added Pin To Net: NetName=BOOT0 Pin=U1-44
Added Net: Name=BOOT0
Added Pin To Net: NetName=BOOT1 Pin=U1-20
Added Net: Name=BOOT1
Added Pin To Net: NetName=C15 Pin=U1-4
Added Net: Name=C15
Added Pin To Net: NetName=NetC?_1 Pin=C?-1
Added Pin To Net: NetName=NetC?_1 Pin=U?-4
Added Net: Name=NetC?_1
Added Pin To Net: NetName=OSCIN Pin=U1-5
Added Net: Name=OSCIN
Added Pin To Net: NetName=OSCOUT Pin=U1-6
Added Net: Name=OSCOUT
Added Pin To Net: NetName=RESET Pin=U1-7
Added Net: Name=RESET
Added Pin To Net: NetName=SWIO Pin=U1-34
Added Net: Name=SWIO
Added Pin To Net: NetName=VBAT Pin=U1-1
Added Net: Name=VBAT
Added Pin To Net: NetName=VCC3V3 Pin=C?-1
Added Pin To Net: NetName=VCC3V3 Pin=C?-1
Added Pin To Net: NetName=VCC3V3 Pin=U1-9
Added Pin To Net: NetName=VCC3V3 Pin=U1-24
Added Pin To Net: NetName=VCC3V3 Pin=U1-36
Added Pin To Net: NetName=VCC3V3 Pin=U1-48
Added Pin To Net: NetName=VCC3V3 Pin=U?-5
Added Net: Name=VCC3V3
Added Member To Class: ClassName=power_supply Member=Component C? 106
Added Member To Class: ClassName=power_supply Member=Component C? 105
Added Member To Class: ClassName=power_supply Member=Component C? 104
Added Member To Class: ClassName=power_supply Member=Component C? 104
Added Member To Class: ClassName=power_supply Member=Component C? 22nF
Added Member To Class: ClassName=door_clock Member=Component J? Connector 3x2
Added Member To Class: ClassName=door_clock Member=Component U1 STM32F103C8T6
Added Member To Class: ClassName=door_clock Member=Component U? CP2102-GMR
Added Member To Class: ClassName=door_clock Member=Component U? CP2102-GMR
Added Member To Class: ClassName=power_supply Member=Component U? RT9193-33GB
Added Member To Class: ClassName=door_clock Member=Component USB1 USB_M
